{"C:\\Users\\whizy\\GitHub\\SkillTimeBank\\src\\services\\gigService.ts": {"path":"C:\\Users\\whizy\\GitHub\\SkillTimeBank\\src\\services\\gigService.ts","all":false,"statementMap":{"0":{"start":{"line":1,"column":0},"end":{"line":1,"column":58}},"1":{"start":{"line":2,"column":0},"end":{"line":2,"column":40}},"2":{"start":{"line":3,"column":0},"end":{"line":3,"column":90}},"3":{"start":{"line":4,"column":0},"end":{"line":4,"column":53}},"4":{"start":{"line":5,"column":0},"end":{"line":5,"column":0}},"5":{"start":{"line":6,"column":0},"end":{"line":6,"column":25}},"6":{"start":{"line":7,"column":0},"end":{"line":7,"column":2}},"7":{"start":{"line":8,"column":0},"end":{"line":8,"column":19}},"8":{"start":{"line":9,"column":0},"end":{"line":9,"column":26}},"9":{"start":{"line":10,"column":0},"end":{"line":10,"column":50}},"10":{"start":{"line":11,"column":0},"end":{"line":11,"column":16}},"11":{"start":{"line":12,"column":0},"end":{"line":12,"column":85}},"12":{"start":{"line":13,"column":0},"end":{"line":13,"column":9}},"13":{"start":{"line":14,"column":0},"end":{"line":14,"column":49}},"14":{"start":{"line":15,"column":0},"end":{"line":15,"column":21}},"15":{"start":{"line":16,"column":0},"end":{"line":16,"column":59}},"16":{"start":{"line":17,"column":0},"end":{"line":17,"column":7}},"17":{"start":{"line":18,"column":0},"end":{"line":18,"column":0}},"18":{"start":{"line":19,"column":0},"end":{"line":19,"column":66}},"19":{"start":{"line":20,"column":0},"end":{"line":20,"column":55}},"20":{"start":{"line":21,"column":0},"end":{"line":21,"column":17}},"21":{"start":{"line":22,"column":0},"end":{"line":22,"column":26}},"22":{"start":{"line":23,"column":0},"end":{"line":23,"column":61}},"23":{"start":{"line":24,"column":0},"end":{"line":24,"column":10}},"24":{"start":{"line":25,"column":0},"end":{"line":25,"column":7}},"25":{"start":{"line":26,"column":0},"end":{"line":26,"column":0}},"26":{"start":{"line":27,"column":0},"end":{"line":27,"column":72}},"27":{"start":{"line":28,"column":0},"end":{"line":28,"column":67}},"28":{"start":{"line":29,"column":0},"end":{"line":29,"column":17}},"29":{"start":{"line":30,"column":0},"end":{"line":30,"column":26}},"30":{"start":{"line":31,"column":0},"end":{"line":31,"column":67}},"31":{"start":{"line":32,"column":0},"end":{"line":32,"column":10}},"32":{"start":{"line":33,"column":0},"end":{"line":33,"column":7}},"33":{"start":{"line":34,"column":0},"end":{"line":34,"column":0}},"34":{"start":{"line":35,"column":0},"end":{"line":35,"column":67}},"35":{"start":{"line":36,"column":0},"end":{"line":36,"column":91}},"36":{"start":{"line":37,"column":0},"end":{"line":37,"column":17}},"37":{"start":{"line":38,"column":0},"end":{"line":38,"column":26}},"38":{"start":{"line":39,"column":0},"end":{"line":39,"column":114}},"39":{"start":{"line":40,"column":0},"end":{"line":40,"column":10}},"40":{"start":{"line":41,"column":0},"end":{"line":41,"column":7}},"41":{"start":{"line":42,"column":0},"end":{"line":42,"column":0}},"42":{"start":{"line":43,"column":0},"end":{"line":43,"column":86}},"43":{"start":{"line":44,"column":0},"end":{"line":44,"column":27}},"44":{"start":{"line":45,"column":0},"end":{"line":45,"column":15}},"45":{"start":{"line":46,"column":0},"end":{"line":46,"column":18}},"46":{"start":{"line":47,"column":0},"end":{"line":47,"column":30}},"47":{"start":{"line":48,"column":0},"end":{"line":48,"column":30}},"48":{"start":{"line":49,"column":0},"end":{"line":49,"column":8}},"49":{"start":{"line":50,"column":0},"end":{"line":50,"column":0}},"50":{"start":{"line":51,"column":0},"end":{"line":51,"column":24}},"51":{"start":{"line":52,"column":0},"end":{"line":52,"column":17}},"52":{"start":{"line":53,"column":0},"end":{"line":53,"column":15}},"53":{"start":{"line":54,"column":0},"end":{"line":54,"column":24}},"54":{"start":{"line":55,"column":0},"end":{"line":55,"column":25}},"55":{"start":{"line":56,"column":0},"end":{"line":56,"column":9}},"56":{"start":{"line":57,"column":0},"end":{"line":57,"column":8}},"57":{"start":{"line":58,"column":0},"end":{"line":58,"column":0}},"58":{"start":{"line":59,"column":0},"end":{"line":59,"column":48}},"59":{"start":{"line":60,"column":0},"end":{"line":60,"column":21}},"60":{"start":{"line":61,"column":0},"end":{"line":61,"column":63}},"61":{"start":{"line":62,"column":0},"end":{"line":62,"column":5}},"62":{"start":{"line":63,"column":0},"end":{"line":63,"column":3}},"63":{"start":{"line":64,"column":0},"end":{"line":64,"column":0}},"64":{"start":{"line":65,"column":0},"end":{"line":65,"column":19}},"65":{"start":{"line":66,"column":0},"end":{"line":66,"column":25}},"66":{"start":{"line":67,"column":0},"end":{"line":67,"column":18}},"67":{"start":{"line":68,"column":0},"end":{"line":68,"column":19}},"68":{"start":{"line":69,"column":0},"end":{"line":69,"column":16}},"69":{"start":{"line":70,"column":0},"end":{"line":70,"column":69}},"70":{"start":{"line":71,"column":0},"end":{"line":71,"column":9}},"71":{"start":{"line":72,"column":0},"end":{"line":72,"column":36}},"72":{"start":{"line":73,"column":0},"end":{"line":73,"column":17}},"73":{"start":{"line":74,"column":0},"end":{"line":74,"column":58}},"74":{"start":{"line":75,"column":0},"end":{"line":75,"column":7}},"75":{"start":{"line":76,"column":0},"end":{"line":76,"column":0}},"76":{"start":{"line":77,"column":0},"end":{"line":77,"column":39}},"77":{"start":{"line":78,"column":0},"end":{"line":78,"column":18}},"78":{"start":{"line":79,"column":0},"end":{"line":79,"column":59}},"79":{"start":{"line":80,"column":0},"end":{"line":80,"column":7}},"80":{"start":{"line":81,"column":0},"end":{"line":81,"column":0}},"81":{"start":{"line":82,"column":0},"end":{"line":82,"column":35}},"82":{"start":{"line":83,"column":0},"end":{"line":83,"column":37}},"83":{"start":{"line":84,"column":0},"end":{"line":84,"column":71}},"84":{"start":{"line":85,"column":0},"end":{"line":85,"column":7}},"85":{"start":{"line":86,"column":0},"end":{"line":86,"column":0}},"86":{"start":{"line":87,"column":0},"end":{"line":87,"column":34}},"87":{"start":{"line":88,"column":0},"end":{"line":88,"column":42}},"88":{"start":{"line":89,"column":0},"end":{"line":89,"column":71}},"89":{"start":{"line":90,"column":0},"end":{"line":90,"column":7}},"90":{"start":{"line":91,"column":0},"end":{"line":91,"column":0}},"91":{"start":{"line":92,"column":0},"end":{"line":92,"column":37}},"92":{"start":{"line":93,"column":0},"end":{"line":93,"column":31}},"93":{"start":{"line":94,"column":0},"end":{"line":94,"column":15}},"94":{"start":{"line":95,"column":0},"end":{"line":95,"column":35}},"95":{"start":{"line":96,"column":0},"end":{"line":96,"column":26}},"96":{"start":{"line":97,"column":0},"end":{"line":97,"column":8}},"97":{"start":{"line":98,"column":0},"end":{"line":98,"column":0}},"98":{"start":{"line":99,"column":0},"end":{"line":99,"column":24}},"99":{"start":{"line":100,"column":0},"end":{"line":100,"column":17}},"100":{"start":{"line":101,"column":0},"end":{"line":101,"column":15}},"101":{"start":{"line":102,"column":0},"end":{"line":102,"column":24}},"102":{"start":{"line":103,"column":0},"end":{"line":103,"column":29}},"103":{"start":{"line":104,"column":0},"end":{"line":104,"column":9}},"104":{"start":{"line":105,"column":0},"end":{"line":105,"column":8}},"105":{"start":{"line":106,"column":0},"end":{"line":106,"column":0}},"106":{"start":{"line":107,"column":0},"end":{"line":107,"column":41}},"107":{"start":{"line":108,"column":0},"end":{"line":108,"column":21}},"108":{"start":{"line":109,"column":0},"end":{"line":109,"column":63}},"109":{"start":{"line":110,"column":0},"end":{"line":110,"column":5}},"110":{"start":{"line":111,"column":0},"end":{"line":111,"column":3}},"111":{"start":{"line":112,"column":0},"end":{"line":112,"column":0}},"112":{"start":{"line":113,"column":0},"end":{"line":113,"column":30}},"113":{"start":{"line":114,"column":0},"end":{"line":114,"column":25}},"114":{"start":{"line":115,"column":0},"end":{"line":115,"column":18}},"115":{"start":{"line":116,"column":0},"end":{"line":116,"column":29}},"116":{"start":{"line":117,"column":0},"end":{"line":117,"column":16}},"117":{"start":{"line":118,"column":0},"end":{"line":118,"column":93}},"118":{"start":{"line":119,"column":0},"end":{"line":119,"column":9}},"119":{"start":{"line":120,"column":0},"end":{"line":120,"column":36}},"120":{"start":{"line":121,"column":0},"end":{"line":121,"column":17}},"121":{"start":{"line":122,"column":0},"end":{"line":122,"column":58}},"122":{"start":{"line":123,"column":0},"end":{"line":123,"column":7}},"123":{"start":{"line":124,"column":0},"end":{"line":124,"column":0}},"124":{"start":{"line":125,"column":0},"end":{"line":125,"column":59}},"125":{"start":{"line":126,"column":0},"end":{"line":126,"column":28}},"126":{"start":{"line":127,"column":0},"end":{"line":127,"column":59}},"127":{"start":{"line":128,"column":0},"end":{"line":128,"column":7}},"128":{"start":{"line":129,"column":0},"end":{"line":129,"column":0}},"129":{"start":{"line":130,"column":0},"end":{"line":130,"column":45}},"130":{"start":{"line":131,"column":0},"end":{"line":131,"column":99}},"131":{"start":{"line":132,"column":0},"end":{"line":132,"column":24}},"132":{"start":{"line":133,"column":0},"end":{"line":133,"column":96}},"133":{"start":{"line":134,"column":0},"end":{"line":134,"column":7}},"134":{"start":{"line":135,"column":0},"end":{"line":135,"column":0}},"135":{"start":{"line":136,"column":0},"end":{"line":136,"column":48}},"136":{"start":{"line":137,"column":0},"end":{"line":137,"column":47}},"137":{"start":{"line":138,"column":0},"end":{"line":138,"column":81}},"138":{"start":{"line":139,"column":0},"end":{"line":139,"column":7}},"139":{"start":{"line":140,"column":0},"end":{"line":140,"column":0}},"140":{"start":{"line":141,"column":0},"end":{"line":141,"column":42}},"141":{"start":{"line":142,"column":0},"end":{"line":142,"column":136}},"142":{"start":{"line":143,"column":0},"end":{"line":143,"column":126}},"143":{"start":{"line":144,"column":0},"end":{"line":144,"column":7}},"144":{"start":{"line":145,"column":0},"end":{"line":145,"column":0}},"145":{"start":{"line":146,"column":0},"end":{"line":146,"column":57}},"146":{"start":{"line":147,"column":0},"end":{"line":147,"column":31}},"147":{"start":{"line":148,"column":0},"end":{"line":148,"column":46}},"148":{"start":{"line":149,"column":0},"end":{"line":149,"column":52}},"149":{"start":{"line":150,"column":0},"end":{"line":150,"column":106}},"150":{"start":{"line":151,"column":0},"end":{"line":151,"column":40}},"151":{"start":{"line":152,"column":0},"end":{"line":152,"column":14}},"152":{"start":{"line":153,"column":0},"end":{"line":153,"column":82}},"153":{"start":{"line":154,"column":0},"end":{"line":154,"column":7}},"154":{"start":{"line":155,"column":0},"end":{"line":155,"column":0}},"155":{"start":{"line":156,"column":0},"end":{"line":156,"column":31}},"156":{"start":{"line":157,"column":0},"end":{"line":157,"column":15}},"157":{"start":{"line":158,"column":0},"end":{"line":158,"column":26}},"158":{"start":{"line":159,"column":0},"end":{"line":159,"column":85}},"159":{"start":{"line":160,"column":0},"end":{"line":160,"column":8}},"160":{"start":{"line":161,"column":0},"end":{"line":161,"column":0}},"161":{"start":{"line":162,"column":0},"end":{"line":162,"column":22}},"162":{"start":{"line":163,"column":0},"end":{"line":163,"column":17}},"163":{"start":{"line":164,"column":0},"end":{"line":164,"column":15}},"164":{"start":{"line":165,"column":0},"end":{"line":165,"column":24}},"165":{"start":{"line":166,"column":0},"end":{"line":166,"column":29}},"166":{"start":{"line":167,"column":0},"end":{"line":167,"column":9}},"167":{"start":{"line":168,"column":0},"end":{"line":168,"column":8}},"168":{"start":{"line":169,"column":0},"end":{"line":169,"column":0}},"169":{"start":{"line":170,"column":0},"end":{"line":170,"column":38}},"170":{"start":{"line":171,"column":0},"end":{"line":171,"column":44}},"171":{"start":{"line":172,"column":0},"end":{"line":172,"column":46}},"172":{"start":{"line":173,"column":0},"end":{"line":173,"column":76}},"173":{"start":{"line":174,"column":0},"end":{"line":174,"column":62}},"174":{"start":{"line":175,"column":0},"end":{"line":175,"column":44}},"175":{"start":{"line":176,"column":0},"end":{"line":176,"column":54}},"176":{"start":{"line":177,"column":0},"end":{"line":177,"column":16}},"177":{"start":{"line":178,"column":0},"end":{"line":178,"column":84}},"178":{"start":{"line":179,"column":0},"end":{"line":179,"column":9}},"179":{"start":{"line":180,"column":0},"end":{"line":180,"column":7}},"180":{"start":{"line":181,"column":0},"end":{"line":181,"column":0}},"181":{"start":{"line":182,"column":0},"end":{"line":182,"column":56}},"182":{"start":{"line":183,"column":0},"end":{"line":183,"column":21}},"183":{"start":{"line":184,"column":0},"end":{"line":184,"column":75}},"184":{"start":{"line":185,"column":0},"end":{"line":185,"column":5}},"185":{"start":{"line":186,"column":0},"end":{"line":186,"column":3}},"186":{"start":{"line":187,"column":0},"end":{"line":187,"column":0}},"187":{"start":{"line":188,"column":0},"end":{"line":188,"column":24}},"188":{"start":{"line":189,"column":0},"end":{"line":189,"column":25}},"189":{"start":{"line":190,"column":0},"end":{"line":190,"column":18}},"190":{"start":{"line":191,"column":0},"end":{"line":191,"column":16}},"191":{"start":{"line":192,"column":0},"end":{"line":192,"column":93}},"192":{"start":{"line":193,"column":0},"end":{"line":193,"column":9}},"193":{"start":{"line":194,"column":0},"end":{"line":194,"column":36}},"194":{"start":{"line":195,"column":0},"end":{"line":195,"column":36}},"195":{"start":{"line":196,"column":0},"end":{"line":196,"column":68}},"196":{"start":{"line":197,"column":0},"end":{"line":197,"column":7}},"197":{"start":{"line":198,"column":0},"end":{"line":198,"column":0}},"198":{"start":{"line":199,"column":0},"end":{"line":199,"column":49}},"199":{"start":{"line":200,"column":0},"end":{"line":200,"column":51}},"200":{"start":{"line":201,"column":0},"end":{"line":201,"column":0}},"201":{"start":{"line":202,"column":0},"end":{"line":202,"column":34}},"202":{"start":{"line":203,"column":0},"end":{"line":203,"column":72}},"203":{"start":{"line":204,"column":0},"end":{"line":204,"column":7}},"204":{"start":{"line":205,"column":0},"end":{"line":205,"column":0}},"205":{"start":{"line":206,"column":0},"end":{"line":206,"column":60}},"206":{"start":{"line":207,"column":0},"end":{"line":207,"column":73}},"207":{"start":{"line":208,"column":0},"end":{"line":208,"column":75}},"208":{"start":{"line":209,"column":0},"end":{"line":209,"column":8}},"209":{"start":{"line":210,"column":0},"end":{"line":210,"column":0}},"210":{"start":{"line":211,"column":0},"end":{"line":211,"column":32}},"211":{"start":{"line":212,"column":0},"end":{"line":212,"column":73}},"212":{"start":{"line":213,"column":0},"end":{"line":213,"column":91}},"213":{"start":{"line":214,"column":0},"end":{"line":214,"column":9}},"214":{"start":{"line":215,"column":0},"end":{"line":215,"column":71}},"215":{"start":{"line":216,"column":0},"end":{"line":216,"column":49}},"216":{"start":{"line":217,"column":0},"end":{"line":217,"column":81}},"217":{"start":{"line":218,"column":0},"end":{"line":218,"column":9}},"218":{"start":{"line":219,"column":0},"end":{"line":219,"column":7}},"219":{"start":{"line":220,"column":0},"end":{"line":220,"column":0}},"220":{"start":{"line":221,"column":0},"end":{"line":221,"column":54}},"221":{"start":{"line":222,"column":0},"end":{"line":222,"column":29}},"222":{"start":{"line":223,"column":0},"end":{"line":223,"column":27}},"223":{"start":{"line":224,"column":0},"end":{"line":224,"column":0}},"224":{"start":{"line":225,"column":0},"end":{"line":225,"column":43}},"225":{"start":{"line":226,"column":0},"end":{"line":226,"column":32}},"226":{"start":{"line":227,"column":0},"end":{"line":227,"column":35}},"227":{"start":{"line":228,"column":0},"end":{"line":228,"column":34}},"228":{"start":{"line":229,"column":0},"end":{"line":229,"column":14}},"229":{"start":{"line":230,"column":0},"end":{"line":230,"column":45}},"230":{"start":{"line":231,"column":0},"end":{"line":231,"column":36}},"231":{"start":{"line":232,"column":0},"end":{"line":232,"column":33}},"232":{"start":{"line":233,"column":0},"end":{"line":233,"column":7}},"233":{"start":{"line":234,"column":0},"end":{"line":234,"column":0}},"234":{"start":{"line":235,"column":0},"end":{"line":235,"column":47}},"235":{"start":{"line":236,"column":0},"end":{"line":236,"column":6}},"236":{"start":{"line":237,"column":0},"end":{"line":237,"column":33}},"237":{"start":{"line":238,"column":0},"end":{"line":238,"column":58}},"238":{"start":{"line":239,"column":0},"end":{"line":239,"column":17}},"239":{"start":{"line":240,"column":0},"end":{"line":240,"column":26}},"240":{"start":{"line":241,"column":0},"end":{"line":241,"column":132}},"241":{"start":{"line":242,"column":0},"end":{"line":242,"column":10}},"242":{"start":{"line":243,"column":0},"end":{"line":243,"column":7}},"243":{"start":{"line":244,"column":0},"end":{"line":244,"column":0}},"244":{"start":{"line":245,"column":0},"end":{"line":245,"column":27}},"245":{"start":{"line":246,"column":0},"end":{"line":246,"column":93}},"246":{"start":{"line":247,"column":0},"end":{"line":247,"column":40}},"247":{"start":{"line":248,"column":0},"end":{"line":248,"column":26}},"248":{"start":{"line":249,"column":0},"end":{"line":249,"column":19}},"249":{"start":{"line":250,"column":0},"end":{"line":250,"column":17}},"250":{"start":{"line":251,"column":0},"end":{"line":251,"column":14}},"251":{"start":{"line":252,"column":0},"end":{"line":252,"column":39}},"252":{"start":{"line":253,"column":0},"end":{"line":253,"column":42}},"253":{"start":{"line":254,"column":0},"end":{"line":254,"column":42}},"254":{"start":{"line":255,"column":0},"end":{"line":255,"column":30}},"255":{"start":{"line":256,"column":0},"end":{"line":256,"column":52}},"256":{"start":{"line":257,"column":0},"end":{"line":257,"column":8}},"257":{"start":{"line":258,"column":0},"end":{"line":258,"column":0}},"258":{"start":{"line":259,"column":0},"end":{"line":259,"column":36}},"259":{"start":{"line":260,"column":0},"end":{"line":260,"column":17}},"260":{"start":{"line":261,"column":0},"end":{"line":261,"column":23}},"261":{"start":{"line":262,"column":0},"end":{"line":262,"column":32}},"262":{"start":{"line":263,"column":0},"end":{"line":263,"column":38}},"263":{"start":{"line":264,"column":0},"end":{"line":264,"column":9}},"264":{"start":{"line":265,"column":0},"end":{"line":265,"column":8}},"265":{"start":{"line":266,"column":0},"end":{"line":266,"column":0}},"266":{"start":{"line":267,"column":0},"end":{"line":267,"column":44}},"267":{"start":{"line":268,"column":0},"end":{"line":268,"column":83}},"268":{"start":{"line":269,"column":0},"end":{"line":269,"column":21}},"269":{"start":{"line":270,"column":0},"end":{"line":270,"column":68}},"270":{"start":{"line":271,"column":0},"end":{"line":271,"column":5}},"271":{"start":{"line":272,"column":0},"end":{"line":272,"column":3}},"272":{"start":{"line":273,"column":0},"end":{"line":273,"column":0}},"273":{"start":{"line":274,"column":0},"end":{"line":274,"column":28}},"274":{"start":{"line":275,"column":0},"end":{"line":275,"column":25}},"275":{"start":{"line":276,"column":0},"end":{"line":276,"column":26}},"276":{"start":{"line":277,"column":0},"end":{"line":277,"column":16}},"277":{"start":{"line":278,"column":0},"end":{"line":278,"column":93}},"278":{"start":{"line":279,"column":0},"end":{"line":279,"column":9}},"279":{"start":{"line":280,"column":0},"end":{"line":280,"column":60}},"280":{"start":{"line":281,"column":0},"end":{"line":281,"column":25}},"281":{"start":{"line":282,"column":0},"end":{"line":282,"column":66}},"282":{"start":{"line":283,"column":0},"end":{"line":283,"column":7}},"283":{"start":{"line":284,"column":0},"end":{"line":284,"column":0}},"284":{"start":{"line":285,"column":0},"end":{"line":285,"column":58}},"285":{"start":{"line":286,"column":0},"end":{"line":286,"column":63}},"286":{"start":{"line":287,"column":0},"end":{"line":287,"column":65}},"287":{"start":{"line":288,"column":0},"end":{"line":288,"column":7}},"288":{"start":{"line":289,"column":0},"end":{"line":289,"column":0}},"289":{"start":{"line":290,"column":0},"end":{"line":290,"column":61}},"290":{"start":{"line":291,"column":0},"end":{"line":291,"column":81}},"291":{"start":{"line":292,"column":0},"end":{"line":292,"column":7}},"292":{"start":{"line":293,"column":0},"end":{"line":293,"column":0}},"293":{"start":{"line":294,"column":0},"end":{"line":294,"column":59}},"294":{"start":{"line":295,"column":0},"end":{"line":295,"column":55}},"295":{"start":{"line":296,"column":0},"end":{"line":296,"column":0}},"296":{"start":{"line":297,"column":0},"end":{"line":297,"column":33}},"297":{"start":{"line":298,"column":0},"end":{"line":298,"column":35}},"298":{"start":{"line":299,"column":0},"end":{"line":299,"column":25}},"299":{"start":{"line":300,"column":0},"end":{"line":300,"column":42}},"300":{"start":{"line":301,"column":0},"end":{"line":301,"column":10}},"301":{"start":{"line":302,"column":0},"end":{"line":302,"column":8}},"302":{"start":{"line":303,"column":0},"end":{"line":303,"column":26}},"303":{"start":{"line":304,"column":0},"end":{"line":304,"column":19}},"304":{"start":{"line":305,"column":0},"end":{"line":305,"column":25}},"305":{"start":{"line":306,"column":0},"end":{"line":306,"column":34}},"306":{"start":{"line":307,"column":0},"end":{"line":307,"column":46}},"307":{"start":{"line":308,"column":0},"end":{"line":308,"column":11}},"308":{"start":{"line":309,"column":0},"end":{"line":309,"column":10}},"309":{"start":{"line":310,"column":0},"end":{"line":310,"column":8}},"310":{"start":{"line":311,"column":0},"end":{"line":311,"column":70}},"311":{"start":{"line":312,"column":0},"end":{"line":312,"column":7}},"312":{"start":{"line":313,"column":0},"end":{"line":313,"column":0}},"313":{"start":{"line":314,"column":0},"end":{"line":314,"column":28}},"314":{"start":{"line":315,"column":0},"end":{"line":315,"column":54}},"315":{"start":{"line":316,"column":0},"end":{"line":316,"column":35}},"316":{"start":{"line":317,"column":0},"end":{"line":317,"column":25}},"317":{"start":{"line":318,"column":0},"end":{"line":318,"column":42}},"318":{"start":{"line":319,"column":0},"end":{"line":319,"column":10}},"319":{"start":{"line":320,"column":0},"end":{"line":320,"column":8}},"320":{"start":{"line":321,"column":0},"end":{"line":321,"column":26}},"321":{"start":{"line":322,"column":0},"end":{"line":322,"column":19}},"322":{"start":{"line":323,"column":0},"end":{"line":323,"column":25}},"323":{"start":{"line":324,"column":0},"end":{"line":324,"column":34}},"324":{"start":{"line":325,"column":0},"end":{"line":325,"column":46}},"325":{"start":{"line":326,"column":0},"end":{"line":326,"column":11}},"326":{"start":{"line":327,"column":0},"end":{"line":327,"column":10}},"327":{"start":{"line":328,"column":0},"end":{"line":328,"column":8}},"328":{"start":{"line":329,"column":0},"end":{"line":329,"column":75}},"329":{"start":{"line":330,"column":0},"end":{"line":330,"column":7}},"330":{"start":{"line":331,"column":0},"end":{"line":331,"column":0}},"331":{"start":{"line":332,"column":0},"end":{"line":332,"column":32}},"332":{"start":{"line":333,"column":0},"end":{"line":333,"column":37}},"333":{"start":{"line":334,"column":0},"end":{"line":334,"column":20}},"334":{"start":{"line":335,"column":0},"end":{"line":335,"column":62}},"335":{"start":{"line":336,"column":0},"end":{"line":336,"column":8}},"336":{"start":{"line":337,"column":0},"end":{"line":337,"column":0}},"337":{"start":{"line":338,"column":0},"end":{"line":338,"column":35}},"338":{"start":{"line":339,"column":0},"end":{"line":339,"column":18}},"339":{"start":{"line":340,"column":0},"end":{"line":340,"column":60}},"340":{"start":{"line":341,"column":0},"end":{"line":341,"column":8}},"341":{"start":{"line":342,"column":0},"end":{"line":342,"column":0}},"342":{"start":{"line":343,"column":0},"end":{"line":343,"column":49}},"343":{"start":{"line":344,"column":0},"end":{"line":344,"column":23}},"344":{"start":{"line":345,"column":0},"end":{"line":345,"column":44}},"345":{"start":{"line":346,"column":0},"end":{"line":346,"column":31}},"346":{"start":{"line":347,"column":0},"end":{"line":347,"column":8}},"347":{"start":{"line":348,"column":0},"end":{"line":348,"column":0}},"348":{"start":{"line":349,"column":0},"end":{"line":349,"column":39}},"349":{"start":{"line":350,"column":0},"end":{"line":350,"column":17}},"350":{"start":{"line":351,"column":0},"end":{"line":351,"column":16}},"351":{"start":{"line":352,"column":0},"end":{"line":352,"column":25}},"352":{"start":{"line":353,"column":0},"end":{"line":353,"column":52}},"353":{"start":{"line":354,"column":0},"end":{"line":354,"column":47}},"354":{"start":{"line":355,"column":0},"end":{"line":355,"column":10}},"355":{"start":{"line":356,"column":0},"end":{"line":356,"column":23}},"356":{"start":{"line":357,"column":0},"end":{"line":357,"column":32}},"357":{"start":{"line":358,"column":0},"end":{"line":358,"column":47}},"358":{"start":{"line":359,"column":0},"end":{"line":359,"column":9}},"359":{"start":{"line":360,"column":0},"end":{"line":360,"column":8}},"360":{"start":{"line":361,"column":0},"end":{"line":361,"column":0}},"361":{"start":{"line":362,"column":0},"end":{"line":362,"column":56}},"362":{"start":{"line":363,"column":0},"end":{"line":363,"column":21}},"363":{"start":{"line":364,"column":0},"end":{"line":364,"column":72}},"364":{"start":{"line":365,"column":0},"end":{"line":365,"column":5}},"365":{"start":{"line":366,"column":0},"end":{"line":366,"column":3}},"366":{"start":{"line":367,"column":0},"end":{"line":367,"column":0}},"367":{"start":{"line":368,"column":0},"end":{"line":368,"column":18}},"368":{"start":{"line":369,"column":0},"end":{"line":369,"column":25}},"369":{"start":{"line":370,"column":0},"end":{"line":370,"column":18}},"370":{"start":{"line":371,"column":0},"end":{"line":371,"column":19}},"371":{"start":{"line":372,"column":0},"end":{"line":372,"column":16}},"372":{"start":{"line":373,"column":0},"end":{"line":373,"column":69}},"373":{"start":{"line":374,"column":0},"end":{"line":374,"column":9}},"374":{"start":{"line":375,"column":0},"end":{"line":375,"column":36}},"375":{"start":{"line":376,"column":0},"end":{"line":376,"column":17}},"376":{"start":{"line":377,"column":0},"end":{"line":377,"column":58}},"377":{"start":{"line":378,"column":0},"end":{"line":378,"column":7}},"378":{"start":{"line":379,"column":0},"end":{"line":379,"column":0}},"379":{"start":{"line":380,"column":0},"end":{"line":380,"column":38}},"380":{"start":{"line":381,"column":0},"end":{"line":381,"column":81}},"381":{"start":{"line":382,"column":0},"end":{"line":382,"column":7}},"382":{"start":{"line":383,"column":0},"end":{"line":383,"column":0}},"383":{"start":{"line":384,"column":0},"end":{"line":384,"column":46}},"384":{"start":{"line":385,"column":0},"end":{"line":385,"column":74}},"385":{"start":{"line":386,"column":0},"end":{"line":386,"column":7}},"386":{"start":{"line":387,"column":0},"end":{"line":387,"column":0}},"387":{"start":{"line":388,"column":0},"end":{"line":388,"column":31}},"388":{"start":{"line":389,"column":0},"end":{"line":389,"column":15}},"389":{"start":{"line":390,"column":0},"end":{"line":390,"column":37}},"390":{"start":{"line":391,"column":0},"end":{"line":391,"column":8}},"391":{"start":{"line":392,"column":0},"end":{"line":392,"column":0}},"392":{"start":{"line":393,"column":0},"end":{"line":393,"column":24}},"393":{"start":{"line":394,"column":0},"end":{"line":394,"column":17}},"394":{"start":{"line":395,"column":0},"end":{"line":395,"column":15}},"395":{"start":{"line":396,"column":0},"end":{"line":396,"column":24}},"396":{"start":{"line":397,"column":0},"end":{"line":397,"column":29}},"397":{"start":{"line":398,"column":0},"end":{"line":398,"column":9}},"398":{"start":{"line":399,"column":0},"end":{"line":399,"column":8}},"399":{"start":{"line":400,"column":0},"end":{"line":400,"column":0}},"400":{"start":{"line":401,"column":0},"end":{"line":401,"column":41}},"401":{"start":{"line":402,"column":0},"end":{"line":402,"column":21}},"402":{"start":{"line":403,"column":0},"end":{"line":403,"column":62}},"403":{"start":{"line":404,"column":0},"end":{"line":404,"column":5}},"404":{"start":{"line":405,"column":0},"end":{"line":405,"column":3}},"405":{"start":{"line":406,"column":0},"end":{"line":406,"column":1}}},"s":{"0":1,"1":1,"2":1,"3":1,"4":1,"5":1,"6":1,"7":1,"8":37,"9":37,"10":37,"11":37,"12":37,"13":37,"14":37,"15":1,"16":1,"17":36,"18":36,"19":37,"20":4,"21":4,"22":4,"23":4,"24":4,"25":32,"26":32,"27":37,"28":1,"29":1,"30":1,"31":1,"32":1,"33":31,"34":31,"35":37,"36":5,"37":5,"38":5,"39":5,"40":5,"41":26,"42":26,"43":26,"44":26,"45":26,"46":26,"47":26,"48":26,"49":26,"50":26,"51":26,"52":26,"53":26,"54":26,"55":26,"56":26,"57":26,"58":26,"59":37,"60":0,"61":0,"62":37,"63":1,"64":1,"65":21,"66":21,"67":21,"68":21,"69":21,"70":21,"71":21,"72":21,"73":1,"74":1,"75":20,"76":20,"77":21,"78":1,"79":1,"80":19,"81":19,"82":21,"83":1,"84":1,"85":18,"86":18,"87":21,"88":1,"89":1,"90":17,"91":17,"92":17,"93":17,"94":17,"95":17,"96":17,"97":17,"98":17,"99":17,"100":17,"101":17,"102":17,"103":17,"104":17,"105":17,"106":17,"107":21,"108":0,"109":0,"110":21,"111":1,"112":1,"113":21,"114":21,"115":21,"116":21,"117":21,"118":21,"119":21,"120":21,"121":0,"122":0,"123":21,"124":21,"125":21,"126":0,"127":0,"128":21,"129":21,"130":21,"131":21,"132":1,"133":1,"134":20,"135":20,"136":21,"137":2,"138":2,"139":18,"140":18,"141":21,"142":1,"143":1,"144":17,"145":17,"146":17,"147":21,"148":5,"149":21,"150":12,"151":12,"152":0,"153":0,"154":17,"155":17,"156":17,"157":17,"158":21,"159":21,"160":21,"161":21,"162":21,"163":21,"164":21,"165":21,"166":21,"167":21,"168":21,"169":21,"170":21,"171":21,"172":12,"173":12,"174":12,"175":12,"176":12,"177":0,"178":0,"179":12,"180":17,"181":17,"182":21,"183":0,"184":0,"185":21,"186":1,"187":1,"188":13,"189":13,"190":13,"191":13,"192":13,"193":13,"194":13,"195":1,"196":1,"197":12,"198":12,"199":12,"200":12,"201":13,"202":0,"203":0,"204":12,"205":12,"206":12,"207":12,"208":12,"209":12,"210":13,"211":0,"212":0,"213":0,"214":0,"215":0,"216":0,"217":0,"218":0,"219":12,"220":12,"221":12,"222":12,"223":12,"224":12,"225":11,"226":11,"227":11,"228":13,"229":1,"230":1,"231":1,"232":1,"233":12,"234":12,"235":12,"236":12,"237":13,"238":0,"239":0,"240":0,"241":0,"242":0,"243":12,"244":12,"245":12,"246":12,"247":12,"248":12,"249":12,"250":12,"251":12,"252":12,"253":12,"254":12,"255":12,"256":12,"257":12,"258":12,"259":12,"260":12,"261":12,"262":12,"263":12,"264":12,"265":12,"266":12,"267":12,"268":13,"269":0,"270":0,"271":13,"272":1,"273":1,"274":18,"275":18,"276":18,"277":18,"278":18,"279":18,"280":18,"281":1,"282":1,"283":17,"284":17,"285":18,"286":1,"287":1,"288":16,"289":18,"290":1,"291":1,"292":15,"293":15,"294":15,"295":15,"296":18,"297":1,"298":1,"299":1,"300":1,"301":1,"302":1,"303":1,"304":1,"305":1,"306":1,"307":1,"308":1,"309":1,"310":1,"311":1,"312":14,"313":14,"314":18,"315":1,"316":1,"317":1,"318":1,"319":1,"320":1,"321":1,"322":1,"323":1,"324":1,"325":1,"326":1,"327":1,"328":1,"329":1,"330":13,"331":13,"332":13,"333":13,"334":13,"335":13,"336":13,"337":13,"338":13,"339":13,"340":13,"341":13,"342":13,"343":13,"344":13,"345":13,"346":13,"347":13,"348":13,"349":13,"350":13,"351":13,"352":13,"353":13,"354":13,"355":13,"356":13,"357":13,"358":13,"359":13,"360":13,"361":13,"362":18,"363":0,"364":0,"365":18,"366":1,"367":1,"368":11,"369":11,"370":11,"371":11,"372":11,"373":11,"374":11,"375":11,"376":0,"377":0,"378":11,"379":11,"380":3,"381":3,"382":8,"383":11,"384":0,"385":0,"386":8,"387":8,"388":8,"389":8,"390":8,"391":8,"392":8,"393":8,"394":8,"395":8,"396":8,"397":8,"398":8,"399":8,"400":8,"401":11,"402":0,"403":0,"404":11,"405":1},"branchMap":{"0":{"type":"branch","line":8,"loc":{"start":{"line":8,"column":9},"end":{"line":63,"column":3}},"locations":[{"start":{"line":8,"column":9},"end":{"line":63,"column":3}}]},"1":{"type":"branch","line":15,"loc":{"start":{"line":15,"column":20},"end":{"line":17,"column":7}},"locations":[{"start":{"line":15,"column":20},"end":{"line":17,"column":7}}]},"2":{"type":"branch","line":17,"loc":{"start":{"line":17,"column":6},"end":{"line":20,"column":54}},"locations":[{"start":{"line":17,"column":6},"end":{"line":20,"column":54}}]},"3":{"type":"branch","line":20,"loc":{"start":{"line":20,"column":15},"end":{"line":20,"column":54}},"locations":[{"start":{"line":20,"column":15},"end":{"line":20,"column":54}}]},"4":{"type":"branch","line":20,"loc":{"start":{"line":20,"column":54},"end":{"line":25,"column":7}},"locations":[{"start":{"line":20,"column":54},"end":{"line":25,"column":7}}]},"5":{"type":"branch","line":25,"loc":{"start":{"line":25,"column":6},"end":{"line":28,"column":66}},"locations":[{"start":{"line":25,"column":6},"end":{"line":28,"column":66}}]},"6":{"type":"branch","line":28,"loc":{"start":{"line":28,"column":66},"end":{"line":33,"column":7}},"locations":[{"start":{"line":28,"column":66},"end":{"line":33,"column":7}}]},"7":{"type":"branch","line":33,"loc":{"start":{"line":33,"column":6},"end":{"line":36,"column":90}},"locations":[{"start":{"line":33,"column":6},"end":{"line":36,"column":90}}]},"8":{"type":"branch","line":33,"loc":{"start":{"line":33,"column":6},"end":{"line":36,"column":44}},"locations":[{"start":{"line":33,"column":6},"end":{"line":36,"column":44}}]},"9":{"type":"branch","line":36,"loc":{"start":{"line":36,"column":31},"end":{"line":36,"column":90}},"locations":[{"start":{"line":36,"column":31},"end":{"line":36,"column":90}}]},"10":{"type":"branch","line":36,"loc":{"start":{"line":36,"column":90},"end":{"line":41,"column":7}},"locations":[{"start":{"line":36,"column":90},"end":{"line":41,"column":7}}]},"11":{"type":"branch","line":41,"loc":{"start":{"line":41,"column":6},"end":{"line":60,"column":13}},"locations":[{"start":{"line":41,"column":6},"end":{"line":60,"column":13}}]},"12":{"type":"branch","line":60,"loc":{"start":{"line":60,"column":4},"end":{"line":62,"column":5}},"locations":[{"start":{"line":60,"column":4},"end":{"line":62,"column":5}}]},"13":{"type":"branch","line":65,"loc":{"start":{"line":65,"column":9},"end":{"line":111,"column":3}},"locations":[{"start":{"line":65,"column":9},"end":{"line":111,"column":3}}]},"14":{"type":"branch","line":73,"loc":{"start":{"line":73,"column":16},"end":{"line":75,"column":7}},"locations":[{"start":{"line":73,"column":16},"end":{"line":75,"column":7}}]},"15":{"type":"branch","line":75,"loc":{"start":{"line":75,"column":6},"end":{"line":78,"column":17}},"locations":[{"start":{"line":75,"column":6},"end":{"line":78,"column":17}}]},"16":{"type":"branch","line":78,"loc":{"start":{"line":78,"column":17},"end":{"line":80,"column":7}},"locations":[{"start":{"line":78,"column":17},"end":{"line":80,"column":7}}]},"17":{"type":"branch","line":80,"loc":{"start":{"line":80,"column":6},"end":{"line":83,"column":36}},"locations":[{"start":{"line":80,"column":6},"end":{"line":83,"column":36}}]},"18":{"type":"branch","line":83,"loc":{"start":{"line":83,"column":36},"end":{"line":85,"column":7}},"locations":[{"start":{"line":83,"column":36},"end":{"line":85,"column":7}}]},"19":{"type":"branch","line":85,"loc":{"start":{"line":85,"column":6},"end":{"line":88,"column":41}},"locations":[{"start":{"line":85,"column":6},"end":{"line":88,"column":41}}]},"20":{"type":"branch","line":88,"loc":{"start":{"line":88,"column":41},"end":{"line":90,"column":7}},"locations":[{"start":{"line":88,"column":41},"end":{"line":90,"column":7}}]},"21":{"type":"branch","line":90,"loc":{"start":{"line":90,"column":6},"end":{"line":108,"column":13}},"locations":[{"start":{"line":90,"column":6},"end":{"line":108,"column":13}}]},"22":{"type":"branch","line":108,"loc":{"start":{"line":108,"column":4},"end":{"line":110,"column":5}},"locations":[{"start":{"line":108,"column":4},"end":{"line":110,"column":5}}]},"23":{"type":"branch","line":113,"loc":{"start":{"line":113,"column":9},"end":{"line":186,"column":3}},"locations":[{"start":{"line":113,"column":9},"end":{"line":186,"column":3}}]},"24":{"type":"branch","line":121,"loc":{"start":{"line":121,"column":16},"end":{"line":123,"column":7}},"locations":[{"start":{"line":121,"column":16},"end":{"line":123,"column":7}}]},"25":{"type":"branch","line":126,"loc":{"start":{"line":126,"column":27},"end":{"line":128,"column":7}},"locations":[{"start":{"line":126,"column":27},"end":{"line":128,"column":7}}]},"26":{"type":"branch","line":131,"loc":{"start":{"line":131,"column":43},"end":{"line":131,"column":99}},"locations":[{"start":{"line":131,"column":43},"end":{"line":131,"column":99}}]},"27":{"type":"branch","line":132,"loc":{"start":{"line":132,"column":23},"end":{"line":134,"column":7}},"locations":[{"start":{"line":132,"column":23},"end":{"line":134,"column":7}}]},"28":{"type":"branch","line":134,"loc":{"start":{"line":134,"column":6},"end":{"line":137,"column":46}},"locations":[{"start":{"line":134,"column":6},"end":{"line":137,"column":46}}]},"29":{"type":"branch","line":137,"loc":{"start":{"line":137,"column":46},"end":{"line":139,"column":7}},"locations":[{"start":{"line":137,"column":46},"end":{"line":139,"column":7}}]},"30":{"type":"branch","line":139,"loc":{"start":{"line":139,"column":6},"end":{"line":142,"column":47}},"locations":[{"start":{"line":139,"column":6},"end":{"line":142,"column":47}}]},"31":{"type":"branch","line":142,"loc":{"start":{"line":142,"column":35},"end":{"line":142,"column":87}},"locations":[{"start":{"line":142,"column":35},"end":{"line":142,"column":87}}]},"32":{"type":"branch","line":142,"loc":{"start":{"line":142,"column":72},"end":{"line":142,"column":135}},"locations":[{"start":{"line":142,"column":72},"end":{"line":142,"column":135}}]},"33":{"type":"branch","line":142,"loc":{"start":{"line":142,"column":135},"end":{"line":144,"column":7}},"locations":[{"start":{"line":142,"column":135},"end":{"line":144,"column":7}}]},"34":{"type":"branch","line":144,"loc":{"start":{"line":144,"column":6},"end":{"line":148,"column":45}},"locations":[{"start":{"line":144,"column":6},"end":{"line":148,"column":45}}]},"35":{"type":"branch","line":148,"loc":{"start":{"line":148,"column":45},"end":{"line":150,"column":17}},"locations":[{"start":{"line":148,"column":45},"end":{"line":150,"column":17}}]},"36":{"type":"branch","line":150,"loc":{"start":{"line":150,"column":6},"end":{"line":154,"column":7}},"locations":[{"start":{"line":150,"column":6},"end":{"line":154,"column":7}}]},"37":{"type":"branch","line":150,"loc":{"start":{"line":150,"column":42},"end":{"line":150,"column":105}},"locations":[{"start":{"line":150,"column":42},"end":{"line":150,"column":105}}]},"38":{"type":"branch","line":152,"loc":{"start":{"line":152,"column":6},"end":{"line":154,"column":7}},"locations":[{"start":{"line":152,"column":6},"end":{"line":154,"column":7}}]},"39":{"type":"branch","line":154,"loc":{"start":{"line":154,"column":6},"end":{"line":159,"column":57}},"locations":[{"start":{"line":154,"column":6},"end":{"line":159,"column":57}}]},"40":{"type":"branch","line":159,"loc":{"start":{"line":159,"column":45},"end":{"line":159,"column":70}},"locations":[{"start":{"line":159,"column":45},"end":{"line":159,"column":70}}]},"41":{"type":"branch","line":159,"loc":{"start":{"line":159,"column":66},"end":{"line":159,"column":85}},"locations":[{"start":{"line":159,"column":66},"end":{"line":159,"column":85}}]},"42":{"type":"branch","line":172,"loc":{"start":{"line":172,"column":45},"end":{"line":180,"column":7}},"locations":[{"start":{"line":172,"column":45},"end":{"line":180,"column":7}}]},"43":{"type":"branch","line":177,"loc":{"start":{"line":177,"column":8},"end":{"line":179,"column":9}},"locations":[{"start":{"line":177,"column":8},"end":{"line":179,"column":9}}]},"44":{"type":"branch","line":180,"loc":{"start":{"line":180,"column":6},"end":{"line":183,"column":13}},"locations":[{"start":{"line":180,"column":6},"end":{"line":183,"column":13}}]},"45":{"type":"branch","line":183,"loc":{"start":{"line":183,"column":4},"end":{"line":185,"column":5}},"locations":[{"start":{"line":183,"column":4},"end":{"line":185,"column":5}}]},"46":{"type":"branch","line":188,"loc":{"start":{"line":188,"column":9},"end":{"line":272,"column":3}},"locations":[{"start":{"line":188,"column":9},"end":{"line":272,"column":3}}]},"47":{"type":"branch","line":195,"loc":{"start":{"line":195,"column":11},"end":{"line":195,"column":35}},"locations":[{"start":{"line":195,"column":11},"end":{"line":195,"column":35}}]},"48":{"type":"branch","line":195,"loc":{"start":{"line":195,"column":35},"end":{"line":197,"column":7}},"locations":[{"start":{"line":195,"column":35},"end":{"line":197,"column":7}}]},"49":{"type":"branch","line":197,"loc":{"start":{"line":197,"column":6},"end":{"line":202,"column":33}},"locations":[{"start":{"line":197,"column":6},"end":{"line":202,"column":33}}]},"50":{"type":"branch","line":202,"loc":{"start":{"line":202,"column":33},"end":{"line":204,"column":7}},"locations":[{"start":{"line":202,"column":33},"end":{"line":204,"column":7}}]},"51":{"type":"branch","line":204,"loc":{"start":{"line":204,"column":6},"end":{"line":211,"column":31}},"locations":[{"start":{"line":204,"column":6},"end":{"line":211,"column":31}}]},"52":{"type":"branch","line":211,"loc":{"start":{"line":211,"column":31},"end":{"line":219,"column":7}},"locations":[{"start":{"line":211,"column":31},"end":{"line":219,"column":7}}]},"53":{"type":"branch","line":219,"loc":{"start":{"line":219,"column":6},"end":{"line":229,"column":13}},"locations":[{"start":{"line":219,"column":6},"end":{"line":229,"column":13}}]},"54":{"type":"branch","line":225,"loc":{"start":{"line":225,"column":42},"end":{"line":229,"column":13}},"locations":[{"start":{"line":225,"column":42},"end":{"line":229,"column":13}}]},"55":{"type":"branch","line":229,"loc":{"start":{"line":229,"column":6},"end":{"line":233,"column":7}},"locations":[{"start":{"line":229,"column":6},"end":{"line":233,"column":7}}]},"56":{"type":"branch","line":233,"loc":{"start":{"line":233,"column":6},"end":{"line":238,"column":57}},"locations":[{"start":{"line":233,"column":6},"end":{"line":238,"column":57}}]},"57":{"type":"branch","line":238,"loc":{"start":{"line":238,"column":57},"end":{"line":243,"column":7}},"locations":[{"start":{"line":238,"column":57},"end":{"line":243,"column":7}}]},"58":{"type":"branch","line":243,"loc":{"start":{"line":243,"column":6},"end":{"line":269,"column":13}},"locations":[{"start":{"line":243,"column":6},"end":{"line":269,"column":13}}]},"59":{"type":"branch","line":269,"loc":{"start":{"line":269,"column":4},"end":{"line":271,"column":5}},"locations":[{"start":{"line":269,"column":4},"end":{"line":271,"column":5}}]},"60":{"type":"branch","line":274,"loc":{"start":{"line":274,"column":9},"end":{"line":366,"column":3}},"locations":[{"start":{"line":274,"column":9},"end":{"line":366,"column":3}}]},"61":{"type":"branch","line":281,"loc":{"start":{"line":281,"column":24},"end":{"line":283,"column":7}},"locations":[{"start":{"line":281,"column":24},"end":{"line":283,"column":7}}]},"62":{"type":"branch","line":283,"loc":{"start":{"line":283,"column":6},"end":{"line":286,"column":62}},"locations":[{"start":{"line":283,"column":6},"end":{"line":286,"column":62}}]},"63":{"type":"branch","line":286,"loc":{"start":{"line":286,"column":62},"end":{"line":288,"column":7}},"locations":[{"start":{"line":286,"column":62},"end":{"line":288,"column":7}}]},"64":{"type":"branch","line":288,"loc":{"start":{"line":288,"column":6},"end":{"line":290,"column":60}},"locations":[{"start":{"line":288,"column":6},"end":{"line":290,"column":60}}]},"65":{"type":"branch","line":290,"loc":{"start":{"line":290,"column":60},"end":{"line":292,"column":7}},"locations":[{"start":{"line":290,"column":60},"end":{"line":292,"column":7}}]},"66":{"type":"branch","line":292,"loc":{"start":{"line":292,"column":6},"end":{"line":297,"column":23}},"locations":[{"start":{"line":292,"column":6},"end":{"line":297,"column":23}}]},"67":{"type":"branch","line":297,"loc":{"start":{"line":297,"column":11},"end":{"line":297,"column":32}},"locations":[{"start":{"line":297,"column":11},"end":{"line":297,"column":32}}]},"68":{"type":"branch","line":297,"loc":{"start":{"line":297,"column":32},"end":{"line":312,"column":7}},"locations":[{"start":{"line":297,"column":32},"end":{"line":312,"column":7}}]},"69":{"type":"branch","line":312,"loc":{"start":{"line":312,"column":6},"end":{"line":315,"column":53}},"locations":[{"start":{"line":312,"column":6},"end":{"line":315,"column":53}}]},"70":{"type":"branch","line":315,"loc":{"start":{"line":315,"column":53},"end":{"line":330,"column":7}},"locations":[{"start":{"line":315,"column":53},"end":{"line":330,"column":7}}]},"71":{"type":"branch","line":330,"loc":{"start":{"line":330,"column":6},"end":{"line":363,"column":13}},"locations":[{"start":{"line":330,"column":6},"end":{"line":363,"column":13}}]},"72":{"type":"branch","line":363,"loc":{"start":{"line":363,"column":4},"end":{"line":365,"column":5}},"locations":[{"start":{"line":363,"column":4},"end":{"line":365,"column":5}}]},"73":{"type":"branch","line":368,"loc":{"start":{"line":368,"column":9},"end":{"line":405,"column":3}},"locations":[{"start":{"line":368,"column":9},"end":{"line":405,"column":3}}]},"74":{"type":"branch","line":376,"loc":{"start":{"line":376,"column":16},"end":{"line":378,"column":7}},"locations":[{"start":{"line":376,"column":16},"end":{"line":378,"column":7}}]},"75":{"type":"branch","line":380,"loc":{"start":{"line":380,"column":37},"end":{"line":382,"column":7}},"locations":[{"start":{"line":380,"column":37},"end":{"line":382,"column":7}}]},"76":{"type":"branch","line":382,"loc":{"start":{"line":382,"column":6},"end":{"line":384,"column":45}},"locations":[{"start":{"line":382,"column":6},"end":{"line":384,"column":45}}]},"77":{"type":"branch","line":384,"loc":{"start":{"line":384,"column":45},"end":{"line":386,"column":7}},"locations":[{"start":{"line":384,"column":45},"end":{"line":386,"column":7}}]},"78":{"type":"branch","line":386,"loc":{"start":{"line":386,"column":6},"end":{"line":402,"column":13}},"locations":[{"start":{"line":386,"column":6},"end":{"line":402,"column":13}}]},"79":{"type":"branch","line":402,"loc":{"start":{"line":402,"column":4},"end":{"line":404,"column":5}},"locations":[{"start":{"line":402,"column":4},"end":{"line":404,"column":5}}]}},"b":{"0":[37],"1":[1],"2":[36],"3":[35],"4":[4],"5":[32],"6":[1],"7":[32],"8":[31],"9":[29],"10":[5],"11":[26],"12":[0],"13":[21],"14":[1],"15":[20],"16":[1],"17":[19],"18":[1],"19":[18],"20":[1],"21":[17],"22":[0],"23":[21],"24":[0],"25":[0],"26":[7],"27":[1],"28":[20],"29":[2],"30":[18],"31":[13],"32":[6],"33":[1],"34":[17],"35":[5],"36":[12],"37":[7],"38":[0],"39":[17],"40":[12],"41":[5],"42":[12],"43":[0],"44":[17],"45":[0],"46":[13],"47":[12],"48":[1],"49":[12],"50":[0],"51":[12],"52":[0],"53":[12],"54":[11],"55":[1],"56":[12],"57":[0],"58":[12],"59":[0],"60":[18],"61":[1],"62":[17],"63":[1],"64":[16],"65":[1],"66":[15],"67":[14],"68":[1],"69":[14],"70":[1],"71":[13],"72":[0],"73":[11],"74":[0],"75":[3],"76":[8],"77":[0],"78":[8],"79":[0]},"fnMap":{"0":{"name":"createGig","decl":{"start":{"line":8,"column":9},"end":{"line":63,"column":3}},"loc":{"start":{"line":8,"column":9},"end":{"line":63,"column":3}},"line":8},"1":{"name":"acceptGig","decl":{"start":{"line":65,"column":9},"end":{"line":111,"column":3}},"loc":{"start":{"line":65,"column":9},"end":{"line":111,"column":3}},"line":65},"2":{"name":"confirmGigCompletion","decl":{"start":{"line":113,"column":9},"end":{"line":186,"column":3}},"loc":{"start":{"line":113,"column":9},"end":{"line":186,"column":3}},"line":113},"3":{"name":"executePayment","decl":{"start":{"line":188,"column":9},"end":{"line":272,"column":3}},"loc":{"start":{"line":188,"column":9},"end":{"line":272,"column":3}},"line":188},"4":{"name":"processTransaction","decl":{"start":{"line":274,"column":9},"end":{"line":366,"column":3}},"loc":{"start":{"line":274,"column":9},"end":{"line":366,"column":3}},"line":274},"5":{"name":"startGig","decl":{"start":{"line":368,"column":9},"end":{"line":405,"column":3}},"loc":{"start":{"line":368,"column":9},"end":{"line":405,"column":3}},"line":368}},"f":{"0":37,"1":21,"2":21,"3":13,"4":18,"5":11}}
,"C:\\Users\\whizy\\GitHub\\SkillTimeBank\\src\\services\\userService.ts": {"path":"C:\\Users\\whizy\\GitHub\\SkillTimeBank\\src\\services\\userService.ts","all":false,"statementMap":{"0":{"start":{"line":1,"column":0},"end":{"line":1,"column":40}},"1":{"start":{"line":2,"column":0},"end":{"line":2,"column":90}},"2":{"start":{"line":3,"column":0},"end":{"line":3,"column":53}},"3":{"start":{"line":4,"column":0},"end":{"line":4,"column":0}},"4":{"start":{"line":5,"column":0},"end":{"line":5,"column":26}},"5":{"start":{"line":6,"column":0},"end":{"line":6,"column":33}},"6":{"start":{"line":7,"column":0},"end":{"line":7,"column":35}},"7":{"start":{"line":8,"column":0},"end":{"line":8,"column":0}},"8":{"start":{"line":9,"column":0},"end":{"line":9,"column":28}},"9":{"start":{"line":10,"column":0},"end":{"line":10,"column":25}},"10":{"start":{"line":11,"column":0},"end":{"line":11,"column":16}},"11":{"start":{"line":12,"column":0},"end":{"line":12,"column":91}},"12":{"start":{"line":13,"column":0},"end":{"line":13,"column":9}},"13":{"start":{"line":14,"column":0},"end":{"line":14,"column":64}},"14":{"start":{"line":15,"column":0},"end":{"line":15,"column":25}},"15":{"start":{"line":16,"column":0},"end":{"line":16,"column":71}},"16":{"start":{"line":17,"column":0},"end":{"line":17,"column":7}},"17":{"start":{"line":18,"column":0},"end":{"line":18,"column":0}},"18":{"start":{"line":19,"column":0},"end":{"line":19,"column":36}},"19":{"start":{"line":20,"column":0},"end":{"line":20,"column":6}},"20":{"start":{"line":21,"column":0},"end":{"line":21,"column":37}},"21":{"start":{"line":22,"column":0},"end":{"line":22,"column":32}},"22":{"start":{"line":23,"column":0},"end":{"line":23,"column":77}},"23":{"start":{"line":24,"column":0},"end":{"line":24,"column":7}},"24":{"start":{"line":25,"column":0},"end":{"line":25,"column":0}},"25":{"start":{"line":26,"column":0},"end":{"line":26,"column":42}},"26":{"start":{"line":27,"column":0},"end":{"line":27,"column":29}},"27":{"start":{"line":28,"column":0},"end":{"line":28,"column":19}},"28":{"start":{"line":29,"column":0},"end":{"line":29,"column":54}},"29":{"start":{"line":30,"column":0},"end":{"line":30,"column":46}},"30":{"start":{"line":31,"column":0},"end":{"line":31,"column":22}},"31":{"start":{"line":32,"column":0},"end":{"line":32,"column":19}},"32":{"start":{"line":33,"column":0},"end":{"line":33,"column":29}},"33":{"start":{"line":34,"column":0},"end":{"line":34,"column":22}},"34":{"start":{"line":35,"column":0},"end":{"line":35,"column":8}},"35":{"start":{"line":36,"column":0},"end":{"line":36,"column":0}},"36":{"start":{"line":37,"column":0},"end":{"line":37,"column":40}},"37":{"start":{"line":38,"column":0},"end":{"line":38,"column":100}},"38":{"start":{"line":39,"column":0},"end":{"line":39,"column":46}},"39":{"start":{"line":40,"column":0},"end":{"line":40,"column":26}},"40":{"start":{"line":41,"column":0},"end":{"line":41,"column":40}},"41":{"start":{"line":42,"column":0},"end":{"line":42,"column":25}},"42":{"start":{"line":43,"column":0},"end":{"line":43,"column":39}},"43":{"start":{"line":44,"column":0},"end":{"line":44,"column":41}},"44":{"start":{"line":45,"column":0},"end":{"line":45,"column":43}},"45":{"start":{"line":46,"column":0},"end":{"line":46,"column":44}},"46":{"start":{"line":47,"column":0},"end":{"line":47,"column":30}},"47":{"start":{"line":48,"column":0},"end":{"line":48,"column":32}},"48":{"start":{"line":49,"column":0},"end":{"line":49,"column":58}},"49":{"start":{"line":50,"column":0},"end":{"line":50,"column":8}},"50":{"start":{"line":51,"column":0},"end":{"line":51,"column":0}},"51":{"start":{"line":52,"column":0},"end":{"line":52,"column":34}},"52":{"start":{"line":53,"column":0},"end":{"line":53,"column":68}},"53":{"start":{"line":54,"column":0},"end":{"line":54,"column":32}},"54":{"start":{"line":55,"column":0},"end":{"line":55,"column":27}},"55":{"start":{"line":56,"column":0},"end":{"line":56,"column":76}},"56":{"start":{"line":57,"column":0},"end":{"line":57,"column":22}},"57":{"start":{"line":58,"column":0},"end":{"line":58,"column":19}},"58":{"start":{"line":59,"column":0},"end":{"line":59,"column":29}},"59":{"start":{"line":60,"column":0},"end":{"line":60,"column":22}},"60":{"start":{"line":61,"column":0},"end":{"line":61,"column":8}},"61":{"start":{"line":62,"column":0},"end":{"line":62,"column":0}},"62":{"start":{"line":63,"column":0},"end":{"line":63,"column":39}},"63":{"start":{"line":64,"column":0},"end":{"line":64,"column":17}},"64":{"start":{"line":65,"column":0},"end":{"line":65,"column":16}},"65":{"start":{"line":66,"column":0},"end":{"line":66,"column":25}},"66":{"start":{"line":67,"column":0},"end":{"line":67,"column":44}},"67":{"start":{"line":68,"column":0},"end":{"line":68,"column":27}},"68":{"start":{"line":69,"column":0},"end":{"line":69,"column":10}},"69":{"start":{"line":70,"column":0},"end":{"line":70,"column":23}},"70":{"start":{"line":71,"column":0},"end":{"line":71,"column":32}},"71":{"start":{"line":72,"column":0},"end":{"line":72,"column":44}},"72":{"start":{"line":73,"column":0},"end":{"line":73,"column":10}},"73":{"start":{"line":74,"column":0},"end":{"line":74,"column":27}},"74":{"start":{"line":75,"column":0},"end":{"line":75,"column":8}},"75":{"start":{"line":76,"column":0},"end":{"line":76,"column":0}},"76":{"start":{"line":77,"column":0},"end":{"line":77,"column":56}},"77":{"start":{"line":78,"column":0},"end":{"line":78,"column":21}},"78":{"start":{"line":79,"column":0},"end":{"line":79,"column":66}},"79":{"start":{"line":80,"column":0},"end":{"line":80,"column":5}},"80":{"start":{"line":81,"column":0},"end":{"line":81,"column":3}},"81":{"start":{"line":82,"column":0},"end":{"line":82,"column":0}},"82":{"start":{"line":83,"column":0},"end":{"line":83,"column":36}},"83":{"start":{"line":84,"column":0},"end":{"line":84,"column":25}},"84":{"start":{"line":85,"column":0},"end":{"line":85,"column":16}},"85":{"start":{"line":86,"column":0},"end":{"line":86,"column":95}},"86":{"start":{"line":87,"column":0},"end":{"line":87,"column":9}},"87":{"start":{"line":88,"column":0},"end":{"line":88,"column":64}},"88":{"start":{"line":89,"column":0},"end":{"line":89,"column":25}},"89":{"start":{"line":90,"column":0},"end":{"line":90,"column":71}},"90":{"start":{"line":91,"column":0},"end":{"line":91,"column":7}},"91":{"start":{"line":92,"column":0},"end":{"line":92,"column":0}},"92":{"start":{"line":93,"column":0},"end":{"line":93,"column":36}},"93":{"start":{"line":94,"column":0},"end":{"line":94,"column":0}},"94":{"start":{"line":95,"column":0},"end":{"line":95,"column":57}},"95":{"start":{"line":96,"column":0},"end":{"line":96,"column":32}},"96":{"start":{"line":97,"column":0},"end":{"line":97,"column":26}},"97":{"start":{"line":98,"column":0},"end":{"line":98,"column":19}},"98":{"start":{"line":99,"column":0},"end":{"line":99,"column":29}},"99":{"start":{"line":100,"column":0},"end":{"line":100,"column":10}},"100":{"start":{"line":101,"column":0},"end":{"line":101,"column":51}},"101":{"start":{"line":102,"column":0},"end":{"line":102,"column":7}},"102":{"start":{"line":103,"column":0},"end":{"line":103,"column":0}},"103":{"start":{"line":104,"column":0},"end":{"line":104,"column":26}},"104":{"start":{"line":105,"column":0},"end":{"line":105,"column":73}},"105":{"start":{"line":106,"column":0},"end":{"line":106,"column":70}},"106":{"start":{"line":107,"column":0},"end":{"line":107,"column":17}},"107":{"start":{"line":108,"column":0},"end":{"line":108,"column":25}},"108":{"start":{"line":109,"column":0},"end":{"line":109,"column":18}},"109":{"start":{"line":110,"column":0},"end":{"line":110,"column":48}},"110":{"start":{"line":111,"column":0},"end":{"line":111,"column":10}},"111":{"start":{"line":112,"column":0},"end":{"line":112,"column":7}},"112":{"start":{"line":113,"column":0},"end":{"line":113,"column":0}},"113":{"start":{"line":114,"column":0},"end":{"line":114,"column":65}},"114":{"start":{"line":115,"column":0},"end":{"line":115,"column":21}},"115":{"start":{"line":116,"column":0},"end":{"line":116,"column":77}},"116":{"start":{"line":117,"column":0},"end":{"line":117,"column":5}},"117":{"start":{"line":118,"column":0},"end":{"line":118,"column":3}},"118":{"start":{"line":119,"column":0},"end":{"line":119,"column":0}},"119":{"start":{"line":120,"column":0},"end":{"line":120,"column":83}},"120":{"start":{"line":121,"column":0},"end":{"line":121,"column":44}},"121":{"start":{"line":122,"column":0},"end":{"line":122,"column":71}},"122":{"start":{"line":123,"column":0},"end":{"line":123,"column":89}},"123":{"start":{"line":124,"column":0},"end":{"line":124,"column":3}},"124":{"start":{"line":125,"column":0},"end":{"line":125,"column":1}}},"s":{"0":1,"1":1,"2":1,"3":1,"4":1,"5":1,"6":1,"7":1,"8":1,"9":3,"10":3,"11":3,"12":3,"13":3,"14":3,"15":1,"16":1,"17":2,"18":2,"19":2,"20":2,"21":3,"22":1,"23":1,"24":1,"25":1,"26":1,"27":1,"28":3,"29":3,"30":3,"31":3,"32":3,"33":3,"34":3,"35":3,"36":3,"37":3,"38":3,"39":3,"40":3,"41":3,"42":3,"43":3,"44":3,"45":3,"46":3,"47":3,"48":3,"49":3,"50":3,"51":3,"52":3,"53":1,"54":1,"55":1,"56":1,"57":1,"58":1,"59":1,"60":1,"61":3,"62":3,"63":3,"64":3,"65":3,"66":3,"67":3,"68":3,"69":3,"70":3,"71":3,"72":3,"73":3,"74":3,"75":3,"76":3,"77":3,"78":0,"79":0,"80":3,"81":1,"82":1,"83":0,"84":0,"85":0,"86":0,"87":0,"88":0,"89":0,"90":0,"91":0,"92":0,"93":0,"94":0,"95":0,"96":0,"97":0,"98":0,"99":0,"100":0,"101":0,"102":0,"103":0,"104":0,"105":0,"106":0,"107":0,"108":0,"109":0,"110":0,"111":0,"112":0,"113":0,"114":0,"115":0,"116":0,"117":0,"118":1,"119":1,"120":2,"121":2,"122":2,"123":2,"124":1},"branchMap":{"0":{"type":"branch","line":6,"loc":{"start":{"line":6,"column":2},"end":{"line":7,"column":35}},"locations":[{"start":{"line":6,"column":2},"end":{"line":7,"column":35}}]},"1":{"type":"branch","line":9,"loc":{"start":{"line":9,"column":2},"end":{"line":81,"column":3}},"locations":[{"start":{"line":9,"column":2},"end":{"line":81,"column":3}}]},"2":{"type":"branch","line":15,"loc":{"start":{"line":15,"column":24},"end":{"line":17,"column":7}},"locations":[{"start":{"line":15,"column":24},"end":{"line":17,"column":7}}]},"3":{"type":"branch","line":17,"loc":{"start":{"line":17,"column":6},"end":{"line":22,"column":31}},"locations":[{"start":{"line":17,"column":6},"end":{"line":22,"column":31}}]},"4":{"type":"branch","line":22,"loc":{"start":{"line":22,"column":31},"end":{"line":29,"column":42}},"locations":[{"start":{"line":22,"column":31},"end":{"line":29,"column":42}}]},"5":{"type":"branch","line":29,"loc":{"start":{"line":29,"column":30},"end":{"line":29,"column":54}},"locations":[{"start":{"line":29,"column":30},"end":{"line":29,"column":54}}]},"6":{"type":"branch","line":53,"loc":{"start":{"line":53,"column":62},"end":{"line":61,"column":8}},"locations":[{"start":{"line":53,"column":62},"end":{"line":61,"column":8}}]},"7":{"type":"branch","line":78,"loc":{"start":{"line":78,"column":4},"end":{"line":80,"column":5}},"locations":[{"start":{"line":78,"column":4},"end":{"line":80,"column":5}}]},"8":{"type":"branch","line":120,"loc":{"start":{"line":120,"column":9},"end":{"line":124,"column":3}},"locations":[{"start":{"line":120,"column":9},"end":{"line":124,"column":3}}]},"9":{"type":"branch","line":122,"loc":{"start":{"line":122,"column":14},"end":{"line":122,"column":70}},"locations":[{"start":{"line":122,"column":14},"end":{"line":122,"column":70}}]},"10":{"type":"branch","line":122,"loc":{"start":{"line":122,"column":38},"end":{"line":122,"column":70}},"locations":[{"start":{"line":122,"column":38},"end":{"line":122,"column":70}}]},"11":{"type":"branch","line":123,"loc":{"start":{"line":123,"column":12},"end":{"line":123,"column":87}},"locations":[{"start":{"line":123,"column":12},"end":{"line":123,"column":87}}]}},"b":{"0":[1],"1":[3],"2":[1],"3":[2],"4":[1],"5":[0],"6":[1],"7":[0],"8":[2],"9":[2],"10":[1],"11":[1]},"fnMap":{"0":{"name":"<static_initializer>","decl":{"start":{"line":6,"column":2},"end":{"line":7,"column":35}},"loc":{"start":{"line":6,"column":2},"end":{"line":7,"column":35}},"line":6},"1":{"name":"registerUser","decl":{"start":{"line":9,"column":2},"end":{"line":81,"column":3}},"loc":{"start":{"line":9,"column":2},"end":{"line":81,"column":3}},"line":9},"2":{"name":"ensureUserRegistered","decl":{"start":{"line":83,"column":2},"end":{"line":118,"column":3}},"loc":{"start":{"line":83,"column":2},"end":{"line":118,"column":3}},"line":83},"3":{"name":"getUserTransactions","decl":{"start":{"line":120,"column":9},"end":{"line":124,"column":3}},"loc":{"start":{"line":120,"column":9},"end":{"line":124,"column":3}},"line":120}},"f":{"0":1,"1":3,"2":0,"3":2}}
}
